# JRE version: OpenJDK Runtime Environment Temurin-17.0.11+9 (17.0.11+9) (build 17.0.11+9)
# Java VM: OpenJDK 64-Bit Server VM Temurin-17.0.11+9 (17.0.11+9, mixed mode, tiered, compressed oops, compressed class ptrs, parallel gc, windows-amd64)
GC Precious Log:
 CPUs: 8 total, 8 available
 Memory: 7926M
 Large Page Support: Disabled
 NUMA Support: Disabled
 Compressed Oops: Enabled (32-bit)
 Alignments: Space 512K, Generation 512K, Heap 2M
 Heap Min Capacity: 100M
 Heap Initial Capacity: 100M
 Heap Max Capacity: 1G
 Pre-touch: Disabled
 Parallel Workers: 8
Heap:
 PSYoungGen      total 40448K, used 22199K [0x00000000eab00000, 0x00000000ede00000, 0x0000000100000000)
  eden space 34304K, 48% used [0x00000000eab00000,0x00000000ebb26b28,0x00000000ecc80000)
  from space 6144K, 92% used [0x00000000ed800000,0x00000000edd87378,0x00000000ede00000)
  to   space 7680K, 0% used [0x00000000ecf00000,0x00000000ecf00000,0x00000000ed680000)
 ParOldGen       total 427520K, used 378912K [0x00000000c0000000, 0x00000000da180000, 0x00000000eab00000)
  object space 427520K, 88% used [0x00000000c0000000,0x00000000d7208210,0x00000000da180000)
 Metaspace       used 77222K, committed 78464K, reserved 1179648K
  class space    used 8211K, committed 8768K, reserved 1048576K
GC Heap History (20 events):
Event: 23.057 GC heap before
{Heap before GC invocations=149 (full 10):
 PSYoungGen      total 52224K, used 43816K [0x00000000eab00000, 0x00000000ef800000, 0x0000000100000000)
  eden space 29184K, 100% used [0x00000000eab00000,0x00000000ec780000,0x00000000ec780000)
  from space 23040K, 63% used [0x00000000ede80000,0x00000000eecca068,0x00000000ef500000)
  to   space 23552K, 0% used [0x00000000ec780000,0x00000000ec780000,0x00000000ede80000)
 ParOldGen       total 427520K, used 337784K [0x00000000c0000000, 0x00000000da180000, 0x00000000eab00000)
  object space 427520K, 79% used [0x00000000c0000000,0x00000000d49de340,0x00000000da180000)
 Metaspace       used 64933K, committed 66112K, reserved 1114112K
  class space    used 7005K, committed 7488K, reserved 1048576K
}
Event: 23.102 GC heap after
{Heap after GC invocations=149 (full 10):
 PSYoungGen      total 52736K, used 23537K [0x00000000eab00000, 0x00000000f0e00000, 0x0000000100000000)
  eden space 29184K, 0% used [0x00000000eab00000,0x00000000eab00000,0x00000000ec780000)
  from space 23552K, 99% used [0x00000000ec780000,0x00000000ede7c590,0x00000000ede80000)
  to   space 34816K, 0% used [0x00000000eec00000,0x00000000eec00000,0x00000000f0e00000)
 ParOldGen       total 427520K, used 346791K [0x00000000c0000000, 0x00000000da180000, 0x00000000eab00000)
  object space 427520K, 81% used [0x00000000c0000000,0x00000000d52a9c80,0x00000000da180000)
 Metaspace       used 64933K, committed 66112K, reserved 1114112K
  class space    used 7005K, committed 7488K, reserved 1048576K
}
Event: 23.830 GC heap before
{Heap before GC invocations=150 (full 10):
 PSYoungGen      total 52736K, used 52721K [0x00000000eab00000, 0x00000000f0e00000, 0x0000000100000000)
  eden space 29184K, 100% used [0x00000000eab00000,0x00000000ec780000,0x00000000ec780000)
  from space 23552K, 99% used [0x00000000ec780000,0x00000000ede7c590,0x00000000ede80000)
  to   space 34816K, 0% used [0x00000000eec00000,0x00000000eec00000,0x00000000f0e00000)
 ParOldGen       total 427520K, used 346791K [0x00000000c0000000, 0x00000000da180000, 0x00000000eab00000)
  object space 427520K, 81% used [0x00000000c0000000,0x00000000d52a9c80,0x00000000da180000)
 Metaspace       used 65014K, committed 66176K, reserved 1114112K
  class space    used 7013K, committed 7488K, reserved 1048576K
}
Event: 23.858 GC heap after
{Heap after GC invocations=150 (full 10):
 PSYoungGen      total 50688K, used 18646K [0x00000000eab00000, 0x00000000efe80000, 0x0000000100000000)
  eden space 31744K, 0% used [0x00000000eab00000,0x00000000eab00000,0x00000000eca00000)
  from space 18944K, 98% used [0x00000000eec00000,0x00000000efe35998,0x00000000efe80000)
  to   space 24064K, 0% used [0x00000000ecf80000,0x00000000ecf80000,0x00000000ee700000)
 ParOldGen       total 427520K, used 368289K [0x00000000c0000000, 0x00000000da180000, 0x00000000eab00000)
  object space 427520K, 86% used [0x00000000c0000000,0x00000000d67a86f8,0x00000000da180000)
 Metaspace       used 65014K, committed 66176K, reserved 1114112K
  class space    used 7013K, committed 7488K, reserved 1048576K
}
Event: 28.011 GC heap before
{Heap before GC invocations=151 (full 10):
 PSYoungGen      total 50688K, used 50390K [0x00000000eab00000, 0x00000000efe80000, 0x0000000100000000)
  eden space 31744K, 99% used [0x00000000eab00000,0x00000000ec9ffff8,0x00000000eca00000)
  from space 18944K, 98% used [0x00000000eec00000,0x00000000efe35998,0x00000000efe80000)
  to   space 24064K, 0% used [0x00000000ecf80000,0x00000000ecf80000,0x00000000ee700000)
 ParOldGen       total 427520K, used 368289K [0x00000000c0000000, 0x00000000da180000, 0x00000000eab00000)
  object space 427520K, 86% used [0x00000000c0000000,0x00000000d67a86f8,0x00000000da180000)
 Metaspace       used 68489K, committed 69632K, reserved 1114112K
  class space    used 7292K, committed 7808K, reserved 1048576K
}
Event: 28.028 GC heap after
{Heap after GC invocations=151 (full 10):
 PSYoungGen      total 45568K, used 11408K [0x00000000eab00000, 0x00000000eec80000, 0x0000000100000000)
  eden space 33792K, 0% used [0x00000000eab00000,0x00000000eab00000,0x00000000ecc00000)
  from space 11776K, 96% used [0x00000000ecf80000,0x00000000edaa4088,0x00000000edb00000)
  to   space 15360K, 0% used [0x00000000edd80000,0x00000000edd80000,0x00000000eec80000)
 ParOldGen       total 427520K, used 368297K [0x00000000c0000000, 0x00000000da180000, 0x00000000eab00000)
  object space 427520K, 86% used [0x00000000c0000000,0x00000000d67aa6f8,0x00000000da180000)
 Metaspace       used 68489K, committed 69632K, reserved 1114112K
  class space    used 7292K, committed 7808K, reserved 1048576K
}
Event: 28.660 GC heap before
{Heap before GC invocations=152 (full 10):
 PSYoungGen      total 45568K, used 43786K [0x00000000eab00000, 0x00000000eec80000, 0x0000000100000000)
  eden space 33792K, 95% used [0x00000000eab00000,0x00000000eca9e7b0,0x00000000ecc00000)
  from space 11776K, 96% used [0x00000000ecf80000,0x00000000edaa4088,0x00000000edb00000)
  to   space 15360K, 0% used [0x00000000edd80000,0x00000000edd80000,0x00000000eec80000)
 ParOldGen       total 427520K, used 368297K [0x00000000c0000000, 0x00000000da180000, 0x00000000eab00000)
  object space 427520K, 86% used [0x00000000c0000000,0x00000000d67aa6f8,0x00000000da180000)
 Metaspace       used 69669K, committed 70848K, reserved 1114112K
  class space    used 7366K, committed 7872K, reserved 1048576K
}
Event: 28.670 GC heap after
{Heap after GC invocations=152 (full 10):
 PSYoungGen      total 49152K, used 12939K [0x00000000eab00000, 0x00000000eea80000, 0x0000000100000000)
  eden space 35840K, 0% used [0x00000000eab00000,0x00000000eab00000,0x00000000ece00000)
  from space 13312K, 97% used [0x00000000edd80000,0x00000000eea22e30,0x00000000eea80000)
  to   space 13824K, 0% used [0x00000000ecf80000,0x00000000ecf80000,0x00000000edd00000)
 ParOldGen       total 427520K, used 368305K [0x00000000c0000000, 0x00000000da180000, 0x00000000eab00000)
  object space 427520K, 86% used [0x00000000c0000000,0x00000000d67ac6f8,0x00000000da180000)
 Metaspace       used 69669K, committed 70848K, reserved 1114112K
  class space    used 7366K, committed 7872K, reserved 1048576K
}
Event: 110.899 GC heap before
{Heap before GC invocations=153 (full 10):
 PSYoungGen      total 49152K, used 48779K [0x00000000eab00000, 0x00000000eea80000, 0x0000000100000000)
  eden space 35840K, 100% used [0x00000000eab00000,0x00000000ece00000,0x00000000ece00000)
  from space 13312K, 97% used [0x00000000edd80000,0x00000000eea22e30,0x00000000eea80000)
  to   space 13824K, 0% used [0x00000000ecf80000,0x00000000ecf80000,0x00000000edd00000)
 ParOldGen       total 427520K, used 368305K [0x00000000c0000000, 0x00000000da180000, 0x00000000eab00000)
  object space 427520K, 86% used [0x00000000c0000000,0x00000000d67ac6f8,0x00000000da180000)
 Metaspace       used 70361K, committed 71552K, reserved 1114112K
  class space    used 7470K, committed 8000K, reserved 1048576K
}
Event: 110.917 GC heap after
{Heap after GC invocations=153 (full 10):
 PSYoungGen      total 45056K, used 9229K [0x00000000eab00000, 0x00000000ee280000, 0x0000000100000000)
  eden space 35328K, 0% used [0x00000000eab00000,0x00000000eab00000,0x00000000ecd80000)
  from space 9728K, 94% used [0x00000000ecf80000,0x00000000ed8835b0,0x00000000ed900000)
  to   space 9728K, 0% used [0x00000000ed900000,0x00000000ed900000,0x00000000ee280000)
 ParOldGen       total 427520K, used 368313K [0x00000000c0000000, 0x00000000da180000, 0x00000000eab00000)
  object space 427520K, 86% used [0x00000000c0000000,0x00000000d67ae6f8,0x00000000da180000)
 Metaspace       used 70361K, committed 71552K, reserved 1114112K
  class space    used 7470K, committed 8000K, reserved 1048576K
}
Event: 111.279 GC heap before
{Heap before GC invocations=154 (full 10):
 PSYoungGen      total 45056K, used 44435K [0x00000000eab00000, 0x00000000ee280000, 0x0000000100000000)
  eden space 35328K, 99% used [0x00000000eab00000,0x00000000ecd61868,0x00000000ecd80000)
  from space 9728K, 94% used [0x00000000ecf80000,0x00000000ed8835b0,0x00000000ed900000)
  to   space 9728K, 0% used [0x00000000ed900000,0x00000000ed900000,0x00000000ee280000)
 ParOldGen       total 427520K, used 368313K [0x00000000c0000000, 0x00000000da180000, 0x00000000eab00000)
  object space 427520K, 86% used [0x00000000c0000000,0x00000000d67ae6f8,0x00000000da180000)
 Metaspace       used 71260K, committed 72448K, reserved 1114112K
  class space    used 7575K, committed 8064K, reserved 1048576K
}
Event: 111.288 GC heap after
{Heap after GC invocations=154 (full 10):
 PSYoungGen      total 44544K, used 9726K [0x00000000eab00000, 0x00000000ee280000, 0x0000000100000000)
  eden space 34816K, 0% used [0x00000000eab00000,0x00000000eab00000,0x00000000ecd00000)
  from space 9728K, 99% used [0x00000000ed900000,0x00000000ee27fa10,0x00000000ee280000)
  to   space 10752K, 0% used [0x00000000ecd80000,0x00000000ecd80000,0x00000000ed800000)
 ParOldGen       total 427520K, used 368665K [0x00000000c0000000, 0x00000000da180000, 0x00000000eab00000)
  object space 427520K, 86% used [0x00000000c0000000,0x00000000d68066f8,0x00000000da180000)
 Metaspace       used 71260K, committed 72448K, reserved 1114112K
  class space    used 7575K, committed 8064K, reserved 1048576K
}
Event: 112.397 GC heap before
{Heap before GC invocations=155 (full 10):
 PSYoungGen      total 44544K, used 44542K [0x00000000eab00000, 0x00000000ee280000, 0x0000000100000000)
  eden space 34816K, 100% used [0x00000000eab00000,0x00000000ecd00000,0x00000000ecd00000)
  from space 9728K, 99% used [0x00000000ed900000,0x00000000ee27fa10,0x00000000ee280000)
  to   space 10752K, 0% used [0x00000000ecd80000,0x00000000ecd80000,0x00000000ed800000)
 ParOldGen       total 427520K, used 368665K [0x00000000c0000000, 0x00000000da180000, 0x00000000eab00000)
  object space 427520K, 86% used [0x00000000c0000000,0x00000000d68066f8,0x00000000da180000)
 Metaspace       used 73636K, committed 74816K, reserved 1179648K
  class space    used 7908K, committed 8448K, reserved 1048576K
}
Event: 112.408 GC heap after
{Heap after GC invocations=155 (full 10):
 PSYoungGen      total 40448K, used 5926K [0x00000000eab00000, 0x00000000edb80000, 0x0000000100000000)
  eden space 34304K, 0% used [0x00000000eab00000,0x00000000eab00000,0x00000000ecc80000)
  from space 6144K, 96% used [0x00000000ecd80000,0x00000000ed349b00,0x00000000ed380000)
  to   space 7680K, 0% used [0x00000000ed400000,0x00000000ed400000,0x00000000edb80000)
 ParOldGen       total 427520K, used 373779K [0x00000000c0000000, 0x00000000da180000, 0x00000000eab00000)
  object space 427520K, 87% used [0x00000000c0000000,0x00000000d6d04fd8,0x00000000da180000)
 Metaspace       used 73636K, committed 74816K, reserved 1179648K
  class space    used 7908K, committed 8448K, reserved 1048576K
}
Event: 400.275 GC heap before
{Heap before GC invocations=156 (full 10):
 PSYoungGen      total 40448K, used 40228K [0x00000000eab00000, 0x00000000edb80000, 0x0000000100000000)
  eden space 34304K, 99% used [0x00000000eab00000,0x00000000ecc7f718,0x00000000ecc80000)
  from space 6144K, 96% used [0x00000000ecd80000,0x00000000ed349b00,0x00000000ed380000)
  to   space 7680K, 0% used [0x00000000ed400000,0x00000000ed400000,0x00000000edb80000)
 ParOldGen       total 427520K, used 373779K [0x00000000c0000000, 0x00000000da180000, 0x00000000eab00000)
  object space 427520K, 87% used [0x00000000c0000000,0x00000000d6d04fd8,0x00000000da180000)
 Metaspace       used 75971K, committed 77248K, reserved 1179648K
  class space    used 8175K, committed 8768K, reserved 1048576K
}
Event: 400.289 GC heap after
{Heap after GC invocations=156 (full 10):
 PSYoungGen      total 41472K, used 6763K [0x00000000eab00000, 0x00000000edb00000, 0x0000000100000000)
  eden space 34304K, 0% used [0x00000000eab00000,0x00000000eab00000,0x00000000ecc80000)
  from space 7168K, 94% used [0x00000000ed400000,0x00000000eda9ac60,0x00000000edb00000)
  to   space 7168K, 0% used [0x00000000ecd00000,0x00000000ecd00000,0x00000000ed400000)
 ParOldGen       total 427520K, used 373787K [0x00000000c0000000, 0x00000000da180000, 0x00000000eab00000)
  object space 427520K, 87% used [0x00000000c0000000,0x00000000d6d06fd8,0x00000000da180000)
 Metaspace       used 75971K, committed 77248K, reserved 1179648K
  class space    used 8175K, committed 8768K, reserved 1048576K
}
Event: 407.317 GC heap before
{Heap before GC invocations=157 (full 10):
 PSYoungGen      total 41472K, used 40824K [0x00000000eab00000, 0x00000000edb00000, 0x0000000100000000)
  eden space 34304K, 99% used [0x00000000eab00000,0x00000000ecc43708,0x00000000ecc80000)
  from space 7168K, 94% used [0x00000000ed400000,0x00000000eda9ac60,0x00000000edb00000)
  to   space 7168K, 0% used [0x00000000ecd00000,0x00000000ecd00000,0x00000000ed400000)
 ParOldGen       total 427520K, used 373787K [0x00000000c0000000, 0x00000000da180000, 0x00000000eab00000)
  object space 427520K, 87% used [0x00000000c0000000,0x00000000d6d06fd8,0x00000000da180000)
 Metaspace       used 76787K, committed 78016K, reserved 1179648K
  class space    used 8207K, committed 8768K, reserved 1048576K
}
Event: 407.324 GC heap after
{Heap after GC invocations=157 (full 10):
 PSYoungGen      total 41472K, used 7151K [0x00000000eab00000, 0x00000000ee380000, 0x0000000100000000)
  eden space 34304K, 0% used [0x00000000eab00000,0x00000000eab00000,0x00000000ecc80000)
  from space 7168K, 99% used [0x00000000ecd00000,0x00000000ed3fbc50,0x00000000ed400000)
  to   space 11776K, 0% used [0x00000000ed800000,0x00000000ed800000,0x00000000ee380000)
 ParOldGen       total 427520K, used 377360K [0x00000000c0000000, 0x00000000da180000, 0x00000000eab00000)
  object space 427520K, 88% used [0x00000000c0000000,0x00000000d7084368,0x00000000da180000)
 Metaspace       used 76787K, committed 78016K, reserved 1179648K
  class space    used 8207K, committed 8768K, reserved 1048576K
}
Event: 416.835 GC heap before
{Heap before GC invocations=158 (full 10):
 PSYoungGen      total 41472K, used 41455K [0x00000000eab00000, 0x00000000ee380000, 0x0000000100000000)
  eden space 34304K, 100% used [0x00000000eab00000,0x00000000ecc80000,0x00000000ecc80000)
  from space 7168K, 99% used [0x00000000ecd00000,0x00000000ed3fbc50,0x00000000ed400000)
  to   space 11776K, 0% used [0x00000000ed800000,0x00000000ed800000,0x00000000ee380000)
 ParOldGen       total 427520K, used 377360K [0x00000000c0000000, 0x00000000da180000, 0x00000000eab00000)
  object space 427520K, 88% used [0x00000000c0000000,0x00000000d7084368,0x00000000da180000)
 Metaspace       used 76932K, committed 78208K, reserved 1179648K
  class space    used 8210K, committed 8768K, reserved 1048576K
}
Event: 416.842 GC heap after
{Heap after GC invocations=158 (full 10):
 PSYoungGen      total 40448K, used 5660K [0x00000000eab00000, 0x00000000ede00000, 0x0000000100000000)
  eden space 34304K, 0% used [0x00000000eab00000,0x00000000eab00000,0x00000000ecc80000)
  from space 6144K, 92% used [0x00000000ed800000,0x00000000edd87378,0x00000000ede00000)
  to   space 7680K, 0% used [0x00000000ecf00000,0x00000000ecf00000,0x00000000ed680000)
 ParOldGen       total 427520K, used 378912K [0x00000000c0000000, 0x00000000da180000, 0x00000000eab00000)
  object space 427520K, 88% used [0x00000000c0000000,0x00000000d7208210,0x00000000da180000)
 Metaspace       used 76932K, committed 78208K, reserved 1179648K
  class space    used 8210K, committed 8768K, reserved 1048576K
}

